{"contracts/Raffle.sol":{"l":{"20":3,"21":3,"22":3,"23":3,"24":3,"25":3,"26":3,"27":3,"51":7,"52":1,"54":6,"55":1,"57":5,"59":5,"68":5,"69":5,"70":5,"71":5,"72":5,"76":2,"77":2,"78":0,"84":2,"85":2,"92":2,"99":0,"100":0,"101":0,"102":0,"103":0,"104":0,"105":0,"106":0,"107":0,"109":0,"113":0,"117":1,"121":0,"125":2,"129":0,"133":0,"137":0,"141":8,"145":8,"149":0},"path":"/home/lenovo/Documents/solidity learn/lottery-hardhat/contracts/Raffle.sol","s":{"1":3,"2":3,"3":3,"4":3,"5":3,"6":3,"7":3,"8":3,"9":7,"10":6,"11":5,"12":5,"13":5,"14":5,"15":5,"16":5,"17":5,"18":2,"19":2,"20":2,"21":2,"22":2,"23":0,"24":0,"25":0,"26":0,"27":0,"28":0,"29":0,"30":0,"31":0,"32":0,"33":1,"34":0,"35":2,"36":0,"37":0,"38":0,"39":8,"40":8,"41":0},"b":{"1":[1,6],"2":[1,5],"3":[0,2],"4":[0,0]},"f":{"1":3,"2":7,"3":5,"4":2,"5":0,"6":0,"7":1,"8":0,"9":2,"10":0,"11":0,"12":0,"13":8,"14":8,"15":0},"fnMap":{"1":{"name":"constructor","line":19,"loc":{"start":{"line":12,"column":4},"end":{"line":28,"column":4}}},"2":{"name":"enterRaffle","line":50,"loc":{"start":{"line":50,"column":4},"end":{"line":60,"column":4}}},"3":{"name":"checkUpkeep","line":62,"loc":{"start":{"line":62,"column":4},"end":{"line":73,"column":4}}},"4":{"name":"performUpkeep","line":75,"loc":{"start":{"line":75,"column":4},"end":{"line":93,"column":4}}},"5":{"name":"fulfillRandomWords","line":95,"loc":{"start":{"line":95,"column":4},"end":{"line":110,"column":4}}},"6":{"name":"getEnteranceFee","line":112,"loc":{"start":{"line":112,"column":4},"end":{"line":114,"column":4}}},"7":{"name":"getPlayer","line":116,"loc":{"start":{"line":116,"column":4},"end":{"line":118,"column":4}}},"8":{"name":"getRecentWinner","line":120,"loc":{"start":{"line":120,"column":4},"end":{"line":122,"column":4}}},"9":{"name":"getRaffleState","line":124,"loc":{"start":{"line":124,"column":4},"end":{"line":126,"column":4}}},"10":{"name":"getNumWords","line":128,"loc":{"start":{"line":128,"column":4},"end":{"line":130,"column":4}}},"11":{"name":"getRequestConfirmations","line":132,"loc":{"start":{"line":132,"column":4},"end":{"line":134,"column":4}}},"12":{"name":"getLastTimeStamp","line":136,"loc":{"start":{"line":136,"column":4},"end":{"line":138,"column":4}}},"13":{"name":"getInterval","line":140,"loc":{"start":{"line":140,"column":4},"end":{"line":142,"column":4}}},"14":{"name":"getEntranceFee","line":144,"loc":{"start":{"line":144,"column":4},"end":{"line":146,"column":4}}},"15":{"name":"getNumberOfPlayers","line":148,"loc":{"start":{"line":148,"column":4},"end":{"line":150,"column":4}}}},"statementMap":{"1":{"start":{"line":20,"column":8},"end":{"line":20,"column":34}},"2":{"start":{"line":21,"column":8},"end":{"line":21,"column":68}},"3":{"start":{"line":22,"column":8},"end":{"line":22,"column":26}},"4":{"start":{"line":23,"column":8},"end":{"line":23,"column":40}},"5":{"start":{"line":24,"column":8},"end":{"line":24,"column":38}},"6":{"start":{"line":25,"column":8},"end":{"line":25,"column":39}},"7":{"start":{"line":26,"column":8},"end":{"line":26,"column":40}},"8":{"start":{"line":27,"column":8},"end":{"line":27,"column":28}},"9":{"start":{"line":51,"column":8},"end":{"line":51,"column":1930}},"10":{"start":{"line":54,"column":8},"end":{"line":54,"column":2031}},"11":{"start":{"line":57,"column":8},"end":{"line":57,"column":42}},"12":{"start":{"line":59,"column":8},"end":{"line":59,"column":36}},"13":{"start":{"line":68,"column":8},"end":{"line":68,"column":57}},"14":{"start":{"line":69,"column":8},"end":{"line":69,"column":76}},"15":{"start":{"line":70,"column":8},"end":{"line":70,"column":48}},"16":{"start":{"line":71,"column":8},"end":{"line":71,"column":51}},"17":{"start":{"line":72,"column":8},"end":{"line":72,"column":72}},"18":{"start":{"line":76,"column":8},"end":{"line":76,"column":47}},"19":{"start":{"line":77,"column":8},"end":{"line":77,"column":2797}},"20":{"start":{"line":84,"column":8},"end":{"line":84,"column":46}},"21":{"start":{"line":85,"column":8},"end":{"line":85,"column":3057}},"22":{"start":{"line":92,"column":8},"end":{"line":92,"column":45}},"23":{"start":{"line":99,"column":8},"end":{"line":99,"column":65}},"24":{"start":{"line":100,"column":8},"end":{"line":100,"column":63}},"25":{"start":{"line":101,"column":8},"end":{"line":101,"column":36}},"26":{"start":{"line":102,"column":8},"end":{"line":102,"column":39}},"27":{"start":{"line":103,"column":8},"end":{"line":103,"column":43}},"28":{"start":{"line":104,"column":8},"end":{"line":104,"column":40}},"29":{"start":{"line":105,"column":8},"end":{"line":105,"column":78}},"30":{"start":{"line":106,"column":8},"end":{"line":106,"column":3834}},"31":{"start":{"line":109,"column":8},"end":{"line":109,"column":39}},"32":{"start":{"line":113,"column":8},"end":{"line":113,"column":28}},"33":{"start":{"line":117,"column":8},"end":{"line":117,"column":31}},"34":{"start":{"line":121,"column":8},"end":{"line":121,"column":29}},"35":{"start":{"line":125,"column":8},"end":{"line":125,"column":28}},"36":{"start":{"line":129,"column":8},"end":{"line":129,"column":24}},"37":{"start":{"line":133,"column":8},"end":{"line":133,"column":36}},"38":{"start":{"line":137,"column":8},"end":{"line":137,"column":30}},"39":{"start":{"line":141,"column":8},"end":{"line":141,"column":25}},"40":{"start":{"line":145,"column":8},"end":{"line":145,"column":28}},"41":{"start":{"line":149,"column":8},"end":{"line":149,"column":31}}},"branchMap":{"1":{"line":51,"type":"if","locations":[{"start":{"line":51,"column":8},"end":{"line":51,"column":8}},{"start":{"line":51,"column":8},"end":{"line":51,"column":8}}]},"2":{"line":54,"type":"if","locations":[{"start":{"line":54,"column":8},"end":{"line":54,"column":8}},{"start":{"line":54,"column":8},"end":{"line":54,"column":8}}]},"3":{"line":77,"type":"if","locations":[{"start":{"line":77,"column":8},"end":{"line":77,"column":8}},{"start":{"line":77,"column":8},"end":{"line":77,"column":8}}]},"4":{"line":106,"type":"if","locations":[{"start":{"line":106,"column":8},"end":{"line":106,"column":8}},{"start":{"line":106,"column":8},"end":{"line":106,"column":8}}]}}},"contracts/test/VRFCoordinatorV2Mock.sol":{"l":{},"path":"/home/lenovo/Documents/solidity learn/lottery-hardhat/contracts/test/VRFCoordinatorV2Mock.sol","s":{},"b":{},"f":{},"fnMap":{},"statementMap":{},"branchMap":{}}}