TN:
SF:/home/lenovo/Documents/solidity learn/lottery-hardhat/contracts/Raffle.sol
FN:19,constructor
FN:50,enterRaffle
FN:62,checkUpkeep
FN:75,performUpkeep
FN:95,fulfillRandomWords
FN:112,getEnteranceFee
FN:116,getPlayer
FN:120,getRecentWinner
FN:124,getRaffleState
FN:128,getNumWords
FN:132,getRequestConfirmations
FN:136,getLastTimeStamp
FN:140,getInterval
FN:144,getEntranceFee
FN:148,getNumberOfPlayers
FNF:15
FNH:8
FNDA:3,constructor
FNDA:7,enterRaffle
FNDA:5,checkUpkeep
FNDA:2,performUpkeep
FNDA:0,fulfillRandomWords
FNDA:0,getEnteranceFee
FNDA:1,getPlayer
FNDA:0,getRecentWinner
FNDA:2,getRaffleState
FNDA:0,getNumWords
FNDA:0,getRequestConfirmations
FNDA:0,getLastTimeStamp
FNDA:8,getInterval
FNDA:8,getEntranceFee
FNDA:0,getNumberOfPlayers
DA:20,3
DA:21,3
DA:22,3
DA:23,3
DA:24,3
DA:25,3
DA:26,3
DA:27,3
DA:51,7
DA:52,1
DA:54,6
DA:55,1
DA:57,5
DA:59,5
DA:68,5
DA:69,5
DA:70,5
DA:71,5
DA:72,5
DA:76,2
DA:77,2
DA:78,0
DA:84,2
DA:85,2
DA:92,2
DA:99,0
DA:100,0
DA:101,0
DA:102,0
DA:103,0
DA:104,0
DA:105,0
DA:106,0
DA:107,0
DA:109,0
DA:113,0
DA:117,1
DA:121,0
DA:125,2
DA:129,0
DA:133,0
DA:137,0
DA:141,8
DA:145,8
DA:149,0
LF:45
LH:28
BRDA:51,1,0,1
BRDA:51,1,1,6
BRDA:54,2,0,1
BRDA:54,2,1,5
BRDA:77,3,0,0
BRDA:77,3,1,2
BRDA:106,4,0,0
BRDA:106,4,1,0
BRF:8
BRH:5
end_of_record
TN:
SF:/home/lenovo/Documents/solidity learn/lottery-hardhat/contracts/test/VRFCoordinatorV2Mock.sol
FNF:0
FNH:0
LF:0
LH:0
BRF:0
BRH:0
end_of_record
